mode: set
auth-golang/internal/database/database.go:25.21,27.18 1 0
auth-golang/internal/database/database.go:27.18,29.3 1 0
auth-golang/internal/database/database.go:30.2,30.18 1 0
auth-golang/internal/database/database.go:30.18,32.3 1 0
auth-golang/internal/database/database.go:33.2,33.18 1 0
auth-golang/internal/database/database.go:33.18,35.3 1 0
auth-golang/internal/database/database.go:36.2,36.22 1 0
auth-golang/internal/database/database.go:36.22,38.3 1 0
auth-golang/internal/database/database.go:39.2,39.18 1 0
auth-golang/internal/database/database.go:39.18,41.3 1 0
auth-golang/internal/database/database.go:43.2,47.16 3 0
auth-golang/internal/database/database.go:47.16,49.3 1 0
auth-golang/internal/database/database.go:51.2,52.16 2 0
auth-golang/internal/database/database.go:52.16,54.3 1 0
auth-golang/internal/database/database.go:56.2,60.3 2 0
auth-golang/internal/repositories/mocks/users_repository_mock.go:33.52,35.2 1 0
auth-golang/internal/repositories/mocks/users_repository_mock.go:37.84,41.25 3 0
auth-golang/internal/repositories/mocks/users_repository_mock.go:41.25,43.3 1 0
auth-golang/internal/repositories/mocks/users_repository_mock.go:45.2,45.12 1 0
auth-golang/internal/repositories/mocks/users_repository_mock.go:48.94,52.27 3 0
auth-golang/internal/repositories/mocks/users_repository_mock.go:52.27,54.3 1 0
auth-golang/internal/repositories/mocks/users_repository_mock.go:56.2,56.17 1 0
auth-golang/internal/repositories/mocks/users_repository_mock.go:59.100,63.30 3 0
auth-golang/internal/repositories/mocks/users_repository_mock.go:63.30,65.3 1 0
auth-golang/internal/repositories/mocks/users_repository_mock.go:67.2,67.17 1 0
auth-golang/internal/repositories/mocks/users_repository_mock.go:70.114,74.37 3 0
auth-golang/internal/repositories/mocks/users_repository_mock.go:74.37,76.3 1 0
auth-golang/internal/repositories/mocks/users_repository_mock.go:78.2,78.17 1 0
auth-golang/internal/repositories/mocks/users_repository_mock.go:81.100,85.25 3 0
auth-golang/internal/repositories/mocks/users_repository_mock.go:85.25,87.3 1 0
auth-golang/internal/repositories/mocks/users_repository_mock.go:89.2,89.18 1 0
auth-golang/internal/repositories/mocks/users_repository_mock.go:94.39,112.2 15 0
auth-golang/internal/repositories/users-repositories.go:26.63,30.2 1 0
auth-golang/internal/repositories/users-repositories.go:32.79,51.2 3 0
auth-golang/internal/repositories/users-repositories.go:53.89,55.16 2 0
auth-golang/internal/repositories/users-repositories.go:55.16,57.3 1 0
auth-golang/internal/repositories/users-repositories.go:59.2,80.16 5 0
auth-golang/internal/repositories/users-repositories.go:80.16,81.27 1 0
auth-golang/internal/repositories/users-repositories.go:81.27,83.4 1 0
auth-golang/internal/repositories/users-repositories.go:84.3,84.18 1 0
auth-golang/internal/repositories/users-repositories.go:87.2,88.19 2 0
auth-golang/internal/repositories/users-repositories.go:91.95,113.16 5 0
auth-golang/internal/repositories/users-repositories.go:113.16,114.27 1 0
auth-golang/internal/repositories/users-repositories.go:114.27,116.4 1 0
auth-golang/internal/repositories/users-repositories.go:117.3,117.18 1 0
auth-golang/internal/repositories/users-repositories.go:120.2,121.19 2 0
auth-golang/internal/repositories/users-repositories.go:124.102,146.16 5 0
auth-golang/internal/repositories/users-repositories.go:146.16,147.27 1 0
auth-golang/internal/repositories/users-repositories.go:147.27,149.4 1 0
auth-golang/internal/repositories/users-repositories.go:150.3,150.18 1 0
auth-golang/internal/repositories/users-repositories.go:153.2,154.19 2 0
auth-golang/internal/repositories/users-repositories.go:157.95,158.25 1 0
auth-golang/internal/repositories/users-repositories.go:158.25,160.3 1 0
auth-golang/internal/repositories/users-repositories.go:162.2,181.16 4 0
auth-golang/internal/repositories/users-repositories.go:181.16,183.3 1 0
auth-golang/internal/repositories/users-repositories.go:185.2,186.16 2 0
auth-golang/internal/repositories/users-repositories.go:186.16,188.3 1 0
auth-golang/internal/repositories/users-repositories.go:190.2,190.23 1 0
auth-golang/internal/repositories/users-repositories.go:190.23,192.3 1 0
auth-golang/internal/repositories/users-repositories.go:194.2,194.18 1 0
auth-golang/internal/models/user.go:23.46,26.2 2 1
auth-golang/internal/models/user.go:28.33,31.21 2 1
auth-golang/internal/models/user.go:31.21,33.3 1 1
auth-golang/internal/models/user.go:35.2,35.25 1 1
auth-golang/internal/models/user.go:35.25,37.3 1 1
auth-golang/internal/models/user.go:39.2,39.25 1 1
auth-golang/internal/models/user.go:39.25,41.3 1 1
auth-golang/internal/models/user.go:43.2,43.22 1 1
auth-golang/internal/models/user.go:43.22,45.3 1 1
auth-golang/internal/models/user.go:47.2,47.28 1 1
auth-golang/internal/models/user.go:47.28,49.3 1 1
auth-golang/internal/models/user.go:51.2,51.12 1 1
auth-golang/internal/models/user.go:54.69,65.40 2 1
auth-golang/internal/models/user.go:65.40,67.3 1 1
auth-golang/internal/models/user.go:69.2,69.18 1 1
auth-golang/internal/models/user.go:79.31,80.11 1 1
auth-golang/internal/models/user.go:81.16,82.16 1 1
auth-golang/internal/models/user.go:83.17,84.17 1 1
auth-golang/internal/models/user.go:85.10,86.16 1 1
auth-golang/internal/models/user.go:100.42,110.2 1 1
auth-golang/internal/middleware/auth.go:14.19,15.30 1 1
auth-golang/internal/middleware/auth.go:15.30,18.17 2 1
auth-golang/internal/middleware/auth.go:18.17,23.4 2 1
auth-golang/internal/middleware/auth.go:25.3,28.17 3 1
auth-golang/internal/middleware/auth.go:28.17,33.4 2 1
auth-golang/internal/middleware/auth.go:35.3,36.10 2 0
auth-golang/internal/middleware/auth.go:36.10,41.4 2 0
auth-golang/internal/middleware/auth.go:43.3,44.17 2 0
auth-golang/internal/middleware/auth.go:44.17,49.4 2 0
auth-golang/internal/middleware/auth.go:51.3,51.18 1 0
auth-golang/internal/middleware/auth.go:51.18,56.4 2 0
auth-golang/internal/middleware/auth.go:58.3,59.11 2 0
auth-golang/internal/server/auth-handler.go:17.88,21.2 1 1
auth-golang/internal/server/auth-handler.go:23.48,31.47 2 1
auth-golang/internal/server/auth-handler.go:31.47,34.3 2 1
auth-golang/internal/server/auth-handler.go:36.2,37.16 2 1
auth-golang/internal/server/auth-handler.go:37.16,40.3 2 1
auth-golang/internal/server/auth-handler.go:42.2,42.17 1 1
auth-golang/internal/server/auth-handler.go:42.17,45.3 2 1
auth-golang/internal/server/auth-handler.go:48.2,50.16 2 1
auth-golang/internal/server/auth-handler.go:50.16,53.3 2 0
auth-golang/internal/server/auth-handler.go:56.2,57.16 2 1
auth-golang/internal/server/auth-handler.go:57.16,60.3 2 0
auth-golang/internal/server/auth-handler.go:63.2,64.16 2 1
auth-golang/internal/server/auth-handler.go:64.16,67.3 2 1
auth-golang/internal/server/auth-handler.go:69.2,71.4 1 1
auth-golang/internal/server/auth-handler.go:75.45,81.47 2 1
auth-golang/internal/server/auth-handler.go:81.47,84.3 2 1
auth-golang/internal/server/auth-handler.go:86.2,87.16 2 1
auth-golang/internal/server/auth-handler.go:87.16,90.3 2 1
auth-golang/internal/server/auth-handler.go:92.2,92.17 1 1
auth-golang/internal/server/auth-handler.go:92.17,95.3 2 1
auth-golang/internal/server/auth-handler.go:97.2,97.58 1 1
auth-golang/internal/server/auth-handler.go:97.58,100.3 2 1
auth-golang/internal/server/auth-handler.go:102.2,103.16 2 1
auth-golang/internal/server/auth-handler.go:103.16,106.3 2 0
auth-golang/internal/server/auth-handler.go:108.2,109.16 2 1
auth-golang/internal/server/auth-handler.go:109.16,112.3 2 0
auth-golang/internal/server/auth-handler.go:114.2,128.16 4 1
auth-golang/internal/server/auth-handler.go:128.16,131.3 2 1
auth-golang/internal/server/auth-handler.go:133.2,145.4 2 1
auth-golang/internal/server/auth-handler.go:148.52,150.16 2 1
auth-golang/internal/server/auth-handler.go:150.16,153.3 2 1
auth-golang/internal/server/auth-handler.go:155.2,156.16 2 1
auth-golang/internal/server/auth-handler.go:156.16,159.3 2 1
auth-golang/internal/server/auth-handler.go:161.2,161.17 1 1
auth-golang/internal/server/auth-handler.go:161.17,164.3 2 1
auth-golang/internal/server/auth-handler.go:166.2,167.16 2 1
auth-golang/internal/server/auth-handler.go:167.16,170.3 2 0
auth-golang/internal/server/auth-handler.go:172.2,173.16 2 1
auth-golang/internal/server/auth-handler.go:173.16,176.3 2 0
auth-golang/internal/server/auth-handler.go:178.2,190.16 4 1
auth-golang/internal/server/auth-handler.go:190.16,193.3 2 1
auth-golang/internal/server/auth-handler.go:195.2,207.4 2 1
auth-golang/internal/server/auth-handler.go:211.46,218.16 4 1
auth-golang/internal/server/auth-handler.go:218.16,220.32 2 1
auth-golang/internal/server/auth-handler.go:220.32,223.4 2 1
auth-golang/internal/server/auth-handler.go:226.2,226.68 1 1
auth-golang/internal/server/server.go:20.31,36.2 5 0
auth-golang/internal/server/server.go:38.48,51.2 6 0
auth-golang/internal/server/server.go:51.2,56.3 4 0
auth-golang/internal/server/server.go:58.2,60.2 3 0
auth-golang/internal/server/server.go:60.2,63.3 1 0
auth-golang/internal/server/server.go:65.2,65.10 1 0
auth-golang/internal/server/user-handler.go:14.88,18.2 1 1
auth-golang/internal/server/user-handler.go:20.47,23.13 2 1
auth-golang/internal/server/user-handler.go:23.13,26.3 2 1
auth-golang/internal/server/user-handler.go:28.2,29.9 2 1
auth-golang/internal/server/user-handler.go:29.9,32.3 2 1
auth-golang/internal/server/user-handler.go:34.2,36.16 2 1
auth-golang/internal/server/user-handler.go:36.16,39.3 2 1
auth-golang/internal/server/user-handler.go:41.2,41.17 1 1
auth-golang/internal/server/user-handler.go:41.17,44.3 2 1
auth-golang/internal/server/user-handler.go:46.2,48.4 1 1
auth-golang/internal/auth/password.go:9.52,12.16 2 1
auth-golang/internal/auth/password.go:12.16,14.3 1 0
auth-golang/internal/auth/password.go:16.2,16.36 1 1
auth-golang/internal/auth/password.go:19.52,22.2 2 1
auth-golang/internal/auth/tokens.go:11.57,21.16 7 1
auth-golang/internal/auth/tokens.go:21.16,23.3 1 0
auth-golang/internal/auth/tokens.go:25.2,25.25 1 1
auth-golang/internal/auth/tokens.go:28.58,38.16 7 1
auth-golang/internal/auth/tokens.go:38.16,40.3 1 0
auth-golang/internal/auth/tokens.go:42.2,42.25 1 1
auth-golang/internal/auth/tokens.go:45.86,46.83 1 1
auth-golang/internal/auth/tokens.go:46.83,47.58 1 1
auth-golang/internal/auth/tokens.go:47.58,50.4 1 0
auth-golang/internal/auth/tokens.go:52.3,52.32 1 1
auth-golang/internal/auth/tokens.go:55.2,55.16 1 1
auth-golang/internal/auth/tokens.go:55.16,57.3 1 1
auth-golang/internal/auth/tokens.go:59.2,59.18 1 1
auth-golang/internal/auth/tokens.go:59.18,62.3 1 0
auth-golang/internal/auth/tokens.go:64.2,66.9 2 1
auth-golang/internal/auth/tokens.go:66.9,68.3 1 0
auth-golang/internal/auth/tokens.go:70.2,70.27 1 1
